e:\pulpit stare\korki\c++\3dvisualizer\debug\vc142.pdb
e:\pulpit stare\korki\c++\3dvisualizer\debug\vc142.idb
e:\pulpit stare\korki\c++\3dvisualizer\debug\main.obj
e:\pulpit stare\korki\c++\3dvisualizer\debug\shaderprogram.obj
e:\pulpit stare\korki\c++\3dvisualizer\debug\objfile.obj
e:\pulpit stare\korki\c++\3dvisualizer\debug\lodepng.obj
e:\pulpit stare\korki\c++\3dvisualizer\debug\keyboard.obj
e:\pulpit stare\korki\c++\3dvisualizer\debug\drawscene.obj
e:\pulpit stare\korki\c++\3dvisualizer\debug\camera.obj
e:\pulpit stare\korki\c++\3dvisualizer\debug\shader.obj
e:\pulpit stare\korki\c++\3dvisualizer\debug\text2d.obj
e:\pulpit stare\korki\c++\3dvisualizer\debug\texture.obj
e:\pulpit stare\korki\c++\3dvisualizer\debug\3dvisualizer.exe
e:\pulpit stare\korki\c++\3dvisualizer\debug\3dvisualizer.ilk
e:\pulpit stare\korki\c++\3dvisualizer\debug\3dvisualizer.pdb
e:\pulpit stare\korki\c++\3dvisualizer\debug\3dvisualizer.res
e:\pulpit stare\korki\c++\3dvisualizer\debug\3dvisualizer.tlog\cl.command.1.tlog
e:\pulpit stare\korki\c++\3dvisualizer\debug\3dvisualizer.tlog\cl.read.1.tlog
e:\pulpit stare\korki\c++\3dvisualizer\debug\3dvisualizer.tlog\cl.write.1.tlog
e:\pulpit stare\korki\c++\3dvisualizer\debug\3dvisualizer.tlog\link.command.1.tlog
e:\pulpit stare\korki\c++\3dvisualizer\debug\3dvisualizer.tlog\link.read.1.tlog
e:\pulpit stare\korki\c++\3dvisualizer\debug\3dvisualizer.tlog\link.write.1.tlog
e:\pulpit stare\korki\c++\3dvisualizer\debug\3dvisualizer.tlog\rc.command.1.tlog
e:\pulpit stare\korki\c++\3dvisualizer\debug\3dvisualizer.tlog\rc.read.1.tlog
e:\pulpit stare\korki\c++\3dvisualizer\debug\3dvisualizer.tlog\rc.write.1.tlog
